;  LST file generated by mikroListExporter - v.2.0 
; Date/Time: 2021-05-23 8:56:55 PM
;----------------------------------------------

;Address Opcode 	ASM
0x0000	0x29AB      	GOTO       427
_FIXSIGN32:
;__Lib_MathDouble.c,112 :: 		
;__Lib_MathDouble.c,116 :: 		
0x0003	0x1FFA      	BTFSS      R10, 7
;__Lib_MathDouble.c,117 :: 		
0x0004	0x13F2      	BCF        R2, 7
;__Lib_MathDouble.c,118 :: 		
0x0005	0x3000      	MOVLW      0
;__Lib_MathDouble.c,120 :: 		
L_end_FIXSIGN32:
0x0006	0x0008      	RETURN
; end of _FIXSIGN32
_SETFUN32:
;__Lib_MathDouble.c,138 :: 		
;__Lib_MathDouble.c,145 :: 		
0x0007	0x157B      	BSF        R11, 2
;__Lib_MathDouble.c,146 :: 		
0x0008	0x1FFB      	BTFSS      R11, 7
;__Lib_MathDouble.c,147 :: 		
0x0009	0x2811      	GOTO       SETFUN32EEE
;__Lib_MathDouble.c,148 :: 		
0x000A	0x3001      	MOVLW      1
;__Lib_MathDouble.c,149 :: 		
0x000B	0x00F3      	MOVWF      R3
;__Lib_MathDouble.c,150 :: 		
0x000C	0x01F2      	CLRF       R2
;__Lib_MathDouble.c,151 :: 		
0x000D	0x01F1      	CLRF       R1
;__Lib_MathDouble.c,152 :: 		
0x000E	0x01F0      	CLRF       R0
;__Lib_MathDouble.c,153 :: 		
0x000F	0x0DFA      	RLF        R10, 1
;__Lib_MathDouble.c,154 :: 		
0x0010	0x0CF2      	RRF        R2, 1
;__Lib_MathDouble.c,155 :: 		
SETFUN32EEE:
;__Lib_MathDouble.c,156 :: 		
0x0011	0x30FF      	MOVLW      255
;__Lib_MathDouble.c,158 :: 		
L_end_SETFUN32:
0x0012	0x0008      	RETURN
; end of _SETFUN32
_RES032:
;__Lib_MathDouble.c,123 :: 		
;__Lib_MathDouble.c,128 :: 		
0x0013	0x01F2      	CLRF       R2
;__Lib_MathDouble.c,129 :: 		
0x0014	0x01F1      	CLRF       R1
;__Lib_MathDouble.c,130 :: 		
0x0015	0x01F0      	CLRF       R0
;__Lib_MathDouble.c,131 :: 		
0x0016	0x01F8      	CLRF       R8
;__Lib_MathDouble.c,132 :: 		
0x0017	0x01F3      	CLRF       R3
;__Lib_MathDouble.c,133 :: 		
0x0018	0x3000      	MOVLW      0
;__Lib_MathDouble.c,135 :: 		
L_end_RES032:
0x0019	0x0008      	RETURN
; end of _RES032
_SETIOV3224:
;__Lib_MathDouble.c,1000 :: 		
;__Lib_MathDouble.c,1006 :: 		
0x001A	0x147B      	BSF        R11, 0
;__Lib_MathDouble.c,1007 :: 		
0x001B	0x1FFB      	BTFSS      R11, 7
;__Lib_MathDouble.c,1008 :: 		
0x001C	0x2825      	GOTO       SETIOV3224EEE
;__Lib_MathDouble.c,1010 :: 		
0x001D	0x01F2      	CLRF       R2
;__Lib_MathDouble.c,1011 :: 		
0x001E	0x1FFA      	BTFSS      R10, 7
;__Lib_MathDouble.c,1012 :: 		
0x001F	0x30FF      	MOVLW      255
;__Lib_MathDouble.c,1013 :: 		
0x0020	0x00F2      	MOVWF      R2
;__Lib_MathDouble.c,1014 :: 		
0x0021	0x00F1      	MOVWF      R1
;__Lib_MathDouble.c,1015 :: 		
0x0022	0x00F0      	MOVWF      R0
;__Lib_MathDouble.c,1016 :: 		
0x0023	0x0DFA      	RLF        R10, 1
;__Lib_MathDouble.c,1017 :: 		
0x0024	0x0CF2      	RRF        R2, 1
;__Lib_MathDouble.c,1018 :: 		
SETIOV3224EEE:
;__Lib_MathDouble.c,1019 :: 		
0x0025	0x30FF      	MOVLW      255
;__Lib_MathDouble.c,1021 :: 		
L_end_SETIOV3224:
0x0026	0x0008      	RETURN
; end of _SETIOV3224
_SETFOV32:
;__Lib_MathDouble.c,79 :: 		
;__Lib_MathDouble.c,86 :: 		
0x0027	0x14FB      	BSF        R11, 1
;__Lib_MathDouble.c,87 :: 		
0x0028	0x1FFB      	BTFSS      R11, 7
;__Lib_MathDouble.c,88 :: 		
0x0029	0x2831      	GOTO       SETFOV32EEE
;__Lib_MathDouble.c,89 :: 		
0x002A	0x30FF      	MOVLW      255
;__Lib_MathDouble.c,90 :: 		
0x002B	0x00F3      	MOVWF      R3
;__Lib_MathDouble.c,91 :: 		
0x002C	0x00F2      	MOVWF      R2
;__Lib_MathDouble.c,92 :: 		
0x002D	0x00F1      	MOVWF      R1
;__Lib_MathDouble.c,93 :: 		
0x002E	0x00F0      	MOVWF      R0
;__Lib_MathDouble.c,94 :: 		
0x002F	0x0DFA      	RLF        R10, 1
;__Lib_MathDouble.c,95 :: 		
0x0030	0x0CF2      	RRF        R2, 1
;__Lib_MathDouble.c,96 :: 		
SETFOV32EEE:
;__Lib_MathDouble.c,97 :: 		
0x0031	0x30FF      	MOVLW      255
;__Lib_MathDouble.c,99 :: 		
L_end_SETFOV32:
0x0032	0x0008      	RETURN
; end of _SETFOV32
_NRM3232:
;__Lib_MathDouble.c,167 :: 		
;__Lib_MathDouble.c,173 :: 		
;__Lib_MathDouble.c,175 :: 		
0x0033	0x01A0      	CLRF       __math_tempbD
;__Lib_MathDouble.c,176 :: 		
0x0034	0x0872      	MOVF       R2, 0
;__Lib_MathDouble.c,177 :: 		
0x0035	0x1D03      	BTFSS      STATUS, 2
;__Lib_MathDouble.c,178 :: 		
0x0036	0x2848      	GOTO       NORM3232
;__Lib_MathDouble.c,179 :: 		
0x0037	0x0871      	MOVF       R1, 0
;__Lib_MathDouble.c,180 :: 		
0x0038	0x00F2      	MOVWF      R2
;__Lib_MathDouble.c,181 :: 		
0x0039	0x0870      	MOVF       R0, 0
;__Lib_MathDouble.c,182 :: 		
0x003A	0x00F1      	MOVWF      R1
;__Lib_MathDouble.c,183 :: 		
0x003B	0x01F0      	CLRF       R0
;__Lib_MathDouble.c,184 :: 		
0x003C	0x15A0      	BSF        __math_tempbD, 3
;__Lib_MathDouble.c,186 :: 		
0x003D	0x0872      	MOVF       R2, 0
;__Lib_MathDouble.c,187 :: 		
0x003E	0x1D03      	BTFSS      STATUS, 2
;__Lib_MathDouble.c,188 :: 		
0x003F	0x2848      	GOTO       NORM3232
;__Lib_MathDouble.c,189 :: 		
0x0040	0x0871      	MOVF       R1, 0
;__Lib_MathDouble.c,190 :: 		
0x0041	0x00F2      	MOVWF      R2
;__Lib_MathDouble.c,191 :: 		
0x0042	0x01F1      	CLRF       R1
;__Lib_MathDouble.c,192 :: 		
0x0043	0x11A0      	BCF        __math_tempbD, 3
;__Lib_MathDouble.c,193 :: 		
0x0044	0x1620      	BSF        __math_tempbD, 4
;__Lib_MathDouble.c,195 :: 		
0x0045	0x0872      	MOVF       R2, 0
;__Lib_MathDouble.c,196 :: 		
0x0046	0x1903      	BTFSC      STATUS, 2
;__Lib_MathDouble.c,197 :: 		
0x0047	0x2856      	GOTO       JPNRES032
;__Lib_MathDouble.c,198 :: 		
NORM3232:
;__Lib_MathDouble.c,199 :: 		
0x0048	0x0820      	MOVF       __math_tempbD, 0
;__Lib_MathDouble.c,200 :: 		
0x0049	0x02F3      	SUBWF      R3, 1
;__Lib_MathDouble.c,201 :: 		
0x004A	0x1D03      	BTFSS      STATUS, 2
;__Lib_MathDouble.c,202 :: 		
0x004B	0x1C03      	BTFSS      STATUS, 0
;__Lib_MathDouble.c,203 :: 		
0x004C	0x285A      	GOTO       JPNSETFUN32
;__Lib_MathDouble.c,204 :: 		
0x004D	0x1003      	BCF        STATUS, 0
;__Lib_MathDouble.c,205 :: 		
NORM3232A:
;__Lib_MathDouble.c,206 :: 		
0x004E	0x1BF2      	BTFSC      R2, 7
;__Lib_MathDouble.c,207 :: 		
0x004F	0x285E      	GOTO       JMPNFIXSIGN32
;__Lib_MathDouble.c,208 :: 		
0x0050	0x0DF0      	RLF        R0, 1
;__Lib_MathDouble.c,209 :: 		
0x0051	0x0DF1      	RLF        R1, 1
;__Lib_MathDouble.c,210 :: 		
0x0052	0x0DF2      	RLF        R2, 1
;__Lib_MathDouble.c,211 :: 		
0x0053	0x0BF3      	DECFSZ     R3, 1
;__Lib_MathDouble.c,212 :: 		
0x0054	0x284E      	GOTO       NORM3232A
;__Lib_MathDouble.c,213 :: 		
0x0055	0x285A      	GOTO       JPNSETFUN32
;__Lib_MathDouble.c,214 :: 		
JPNRES032:
;__Lib_MathDouble.c,215 :: 		
0x0056	0x3001      	MOVLW      1
;__Lib_MathDouble.c,216 :: 		
0x0057	0x00FC      	MOVWF      R12
;__Lib_MathDouble.c,218 :: 		
0x0058	0x2013      	CALL       _RES032
;__Lib_MathDouble.c,220 :: 		
0x0059	0x2861      	GOTO       NORM32EEE
;__Lib_MathDouble.c,221 :: 		
JPNSETFUN32:
;__Lib_MathDouble.c,222 :: 		
0x005A	0x3002      	MOVLW      2
;__Lib_MathDouble.c,223 :: 		
0x005B	0x00FC      	MOVWF      R12
;__Lib_MathDouble.c,225 :: 		
0x005C	0x2007      	CALL       _SETFUN32
;__Lib_MathDouble.c,227 :: 		
0x005D	0x2861      	GOTO       NORM32EEE
;__Lib_MathDouble.c,228 :: 		
JMPNFIXSIGN32:
;__Lib_MathDouble.c,229 :: 		
0x005E	0x3004      	MOVLW      4
;__Lib_MathDouble.c,230 :: 		
0x005F	0x00FC      	MOVWF      R12
;__Lib_MathDouble.c,232 :: 		
0x0060	0x2003      	CALL       _FIXSIGN32
;__Lib_MathDouble.c,234 :: 		
NORM32EEE:
;__Lib_MathDouble.c,236 :: 		
L_end_NRM3232:
0x0061	0x0008      	RETURN
; end of _NRM3232
_____DoICP:
;__Lib_System.c,6 :: 		
;__Lib_System.c,9 :: 		
0x0062	0x1283      	BCF        STATUS, 5
0x0063	0x1303      	BCF        STATUS, 6
0x0064	0x0825      	MOVF       ___DoICPAddr+1, 0
0x0065	0x008A      	MOVWF      PCLATH
;__Lib_System.c,10 :: 		
0x0066	0x0824      	MOVF       ___DoICPAddr, 0
0x0067	0x0082      	MOVWF      PCL
;__Lib_System.c,12 :: 		
L_end_____DoICP:
0x0068	0x0008      	RETURN
; end of _____DoICP
_Delay_22us:
;__Lib_Delays.c,15 :: 		void Delay_22us() {
;__Lib_Delays.c,16 :: 		Delay_us(22);
0x0069	0x300E      	MOVLW      14
0x006A	0x1283      	BCF        STATUS, 5
0x006B	0x1303      	BCF        STATUS, 6
0x006C	0x00FD      	MOVWF      R13
L_Delay_22us1:
0x006D	0x0BFD      	DECFSZ     R13, 1
0x006E	0x286D      	GOTO       L_Delay_22us1
0x006F	0x0000      	NOP
;__Lib_Delays.c,17 :: 		}
L_end_Delay_22us:
0x0070	0x0008      	RETURN
; end of _Delay_22us
_double2word:
;__Lib_MathDouble.c,1529 :: 		
;__Lib_MathDouble.c,1536 :: 		
0x0071	0x1283      	BCF        STATUS, 5
;__Lib_MathDouble.c,1537 :: 		
0x0072	0x1303      	BCF        STATUS, 6
;__Lib_MathDouble.c,1539 :: 		
0x0073	0x01FB      	CLRF       R11
;__Lib_MathDouble.c,1540 :: 		
0x0074	0x01FC      	CLRF       R12
;__Lib_MathDouble.c,1541 :: 		
0x0075	0x01FA      	CLRF       R10
;__Lib_MathDouble.c,1543 :: 		
0x0076	0x0873      	MOVF       R3, 0
;__Lib_MathDouble.c,1544 :: 		
0x0077	0x1903      	BTFSC      STATUS, 2
;__Lib_MathDouble.c,1545 :: 		
0x0078	0x28B0      	GOTO       IRES016U
;__Lib_MathDouble.c,1547 :: 		
0x0079	0x17F2      	BSF        R2, 7
;__Lib_MathDouble.c,1549 :: 		
0x007A	0x308E      	MOVLW      142
;__Lib_MathDouble.c,1550 :: 		
0x007B	0x02F3      	SUBWF      R3, 1
;__Lib_MathDouble.c,1551 :: 		
0x007C	0x1BF3      	BTFSC      R3, 7
;__Lib_MathDouble.c,1552 :: 		
0x007D	0x2881      	GOTO       SETEXP16U
;__Lib_MathDouble.c,1553 :: 		
0x007E	0x1903      	BTFSC      STATUS, 2
;__Lib_MathDouble.c,1554 :: 		
0x007F	0x2881      	GOTO       SETEXP16U
;__Lib_MathDouble.c,1555 :: 		
0x0080	0x28B3      	GOTO       SETIOV16U
;__Lib_MathDouble.c,1556 :: 		
SETEXP16U:
;__Lib_MathDouble.c,1557 :: 		
0x0081	0x09F3      	COMF       R3, 1
;__Lib_MathDouble.c,1558 :: 		
0x0082	0x0AF3      	INCF       R3, 1
;__Lib_MathDouble.c,1560 :: 		
0x0083	0x3008      	MOVLW      8
;__Lib_MathDouble.c,1561 :: 		
0x0084	0x0273      	SUBWF      R3, 0
;__Lib_MathDouble.c,1562 :: 		
0x0085	0x1C03      	BTFSS      STATUS, 0
;__Lib_MathDouble.c,1563 :: 		
0x0086	0x2896      	GOTO       TSHIFT3216U
;__Lib_MathDouble.c,1564 :: 		
0x0087	0x00F3      	MOVWF      R3
;__Lib_MathDouble.c,1565 :: 		
0x0088	0x0DF1      	RLF        R1, 1
;__Lib_MathDouble.c,1566 :: 		
0x0089	0x0872      	MOVF       R2, 0
;__Lib_MathDouble.c,1567 :: 		
0x008A	0x00F1      	MOVWF      R1
;__Lib_MathDouble.c,1568 :: 		
0x008B	0x01F2      	CLRF       R2
;__Lib_MathDouble.c,1570 :: 		
0x008C	0x3008      	MOVLW      8
;__Lib_MathDouble.c,1571 :: 		
0x008D	0x0273      	SUBWF      R3, 0
;__Lib_MathDouble.c,1572 :: 		
0x008E	0x1C03      	BTFSS      STATUS, 0
;__Lib_MathDouble.c,1573 :: 		
0x008F	0x2896      	GOTO       TSHIFT3216U
;__Lib_MathDouble.c,1574 :: 		
0x0090	0x0DF1      	RLF        R1, 1
;__Lib_MathDouble.c,1575 :: 		
0x0091	0x01F1      	CLRF       R1
;__Lib_MathDouble.c,1577 :: 		
0x0092	0x0873      	MOVF       R3, 0
;__Lib_MathDouble.c,1578 :: 		
0x0093	0x1D03      	BTFSS      STATUS, 2
;__Lib_MathDouble.c,1579 :: 		
0x0094	0x1003      	BCF        STATUS, 0
;__Lib_MathDouble.c,1580 :: 		
0x0095	0x289E      	GOTO       SHIFT3216UOK
;__Lib_MathDouble.c,1581 :: 		
TSHIFT3216U:
;__Lib_MathDouble.c,1582 :: 		
0x0096	0x0873      	MOVF       R3, 0
;__Lib_MathDouble.c,1583 :: 		
0x0097	0x1903      	BTFSC      STATUS, 2
;__Lib_MathDouble.c,1584 :: 		
0x0098	0x289E      	GOTO       SHIFT3216UOK
;__Lib_MathDouble.c,1585 :: 		
SHIFT3216U:
;__Lib_MathDouble.c,1586 :: 		
0x0099	0x1003      	BCF        STATUS, 0
;__Lib_MathDouble.c,1587 :: 		
0x009A	0x0CF2      	RRF        R2, 1
;__Lib_MathDouble.c,1588 :: 		
0x009B	0x0CF1      	RRF        R1, 1
;__Lib_MathDouble.c,1589 :: 		
0x009C	0x0BF3      	DECFSZ     R3, 1
;__Lib_MathDouble.c,1590 :: 		
0x009D	0x2899      	GOTO       SHIFT3216U
;__Lib_MathDouble.c,1591 :: 		
SHIFT3216UOK:
;__Lib_MathDouble.c,1592 :: 		
0x009E	0x1B7B      	BTFSC      R11, 6
;__Lib_MathDouble.c,1593 :: 		
0x009F	0x1C71      	BTFSS      R1, 0
;__Lib_MathDouble.c,1594 :: 		
0x00A0	0x28A8      	GOTO       INT3216UOK
;__Lib_MathDouble.c,1595 :: 		
0x00A1	0x1C03      	BTFSS      STATUS, 0
;__Lib_MathDouble.c,1596 :: 		
0x00A2	0x28A8      	GOTO       INT3216UOK
;__Lib_MathDouble.c,1597 :: 		
0x00A3	0x0AF1      	INCF       R1, 1
;__Lib_MathDouble.c,1598 :: 		
0x00A4	0x1903      	BTFSC      STATUS, 2
;__Lib_MathDouble.c,1599 :: 		
0x00A5	0x0AF2      	INCF       R2, 1
;__Lib_MathDouble.c,1600 :: 		
0x00A6	0x1BF2      	BTFSC      R2, 7
;__Lib_MathDouble.c,1601 :: 		
0x00A7	0x28BF      	GOTO       JPKSETIOV3224
;__Lib_MathDouble.c,1602 :: 		
INT3216UOK:
;__Lib_MathDouble.c,1603 :: 		
0x00A8	0x1FFA      	BTFSS      R10, 7
;__Lib_MathDouble.c,1604 :: 		
0x00A9	0x28C2      	GOTO       INT3216UEOK
;__Lib_MathDouble.c,1606 :: 		
0x00AA	0x09F2      	COMF       R2, 1
;__Lib_MathDouble.c,1607 :: 		
0x00AB	0x09F1      	COMF       R1, 1
;__Lib_MathDouble.c,1608 :: 		
0x00AC	0x0AF1      	INCF       R1, 1
;__Lib_MathDouble.c,1609 :: 		
0x00AD	0x1903      	BTFSC      STATUS, 2
;__Lib_MathDouble.c,1610 :: 		
0x00AE	0x0AF2      	INCF       R2, 1
;__Lib_MathDouble.c,1611 :: 		
0x00AF	0x28C2      	GOTO       INT3216UEOK
;__Lib_MathDouble.c,1613 :: 		
IRES016U:
;__Lib_MathDouble.c,1614 :: 		
0x00B0	0x01F2      	CLRF       R2
;__Lib_MathDouble.c,1615 :: 		
0x00B1	0x01F1      	CLRF       R1
;__Lib_MathDouble.c,1616 :: 		
0x00B2	0x28C2      	GOTO       INT3216UEOK
;__Lib_MathDouble.c,1617 :: 		
SETIOV16U:
;__Lib_MathDouble.c,1618 :: 		
0x00B3	0x147B      	BSF        R11, 0
;__Lib_MathDouble.c,1619 :: 		
0x00B4	0x1FFB      	BTFSS      R11, 7
;__Lib_MathDouble.c,1620 :: 		
0x00B5	0x28C5      	GOTO       INT3216UEER
;__Lib_MathDouble.c,1622 :: 		
0x00B6	0x01F2      	CLRF       R2
;__Lib_MathDouble.c,1623 :: 		
0x00B7	0x1FFA      	BTFSS      R10, 7
;__Lib_MathDouble.c,1624 :: 		
0x00B8	0x28C5      	GOTO       INT3216UEER
;__Lib_MathDouble.c,1625 :: 		
0x00B9	0x30FF      	MOVLW      255
;__Lib_MathDouble.c,1626 :: 		
0x00BA	0x00F2      	MOVWF      R2
;__Lib_MathDouble.c,1627 :: 		
0x00BB	0x00F1      	MOVWF      R1
;__Lib_MathDouble.c,1628 :: 		
0x00BC	0x0DFA      	RLF        R10, 1
;__Lib_MathDouble.c,1629 :: 		
0x00BD	0x0CF2      	RRF        R2, 1
;__Lib_MathDouble.c,1630 :: 		
0x00BE	0x28C5      	GOTO       INT3216UEER
;__Lib_MathDouble.c,1632 :: 		
JPKSETIOV3224:
;__Lib_MathDouble.c,1633 :: 		
0x00BF	0x3001      	MOVLW      1
;__Lib_MathDouble.c,1634 :: 		
0x00C0	0x00FC      	MOVWF      R12
;__Lib_MathDouble.c,1635 :: 		
0x00C1	0x28C7      	GOTO       INT3216UEEE
;__Lib_MathDouble.c,1636 :: 		
INT3216UEOK:
;__Lib_MathDouble.c,1637 :: 		
0x00C2	0x3000      	MOVLW      0
;__Lib_MathDouble.c,1638 :: 		
0x00C3	0x00FC      	MOVWF      R12
;__Lib_MathDouble.c,1639 :: 		
0x00C4	0x28C7      	GOTO       INT3216UEEE
;__Lib_MathDouble.c,1640 :: 		
INT3216UEER:
;__Lib_MathDouble.c,1641 :: 		
0x00C5	0x30FF      	MOVLW      255
;__Lib_MathDouble.c,1642 :: 		
0x00C6	0x00FC      	MOVWF      R12
;__Lib_MathDouble.c,1643 :: 		
INT3216UEEE:
;__Lib_MathDouble.c,1646 :: 		
0x00C7	0x08FC      	MOVF       R12, 1
;__Lib_MathDouble.c,1648 :: 		
0x00C8	0x1903      	BTFSC      STATUS, 2
;__Lib_MathDouble.c,1649 :: 		
0x00C9	0x28CB      	GOTO       L_Double2Word_0
;__Lib_MathDouble.c,1651 :: 		
0x00CA	0x201A      	CALL       _SETIOV3224
;__Lib_MathDouble.c,1653 :: 		
L_Double2Word_0:
;__Lib_MathDouble.c,1654 :: 		
0x00CB	0x0871      	MOVF       R1, 0
;__Lib_MathDouble.c,1655 :: 		
0x00CC	0x00F0      	MOVWF      R0
;__Lib_MathDouble.c,1656 :: 		
0x00CD	0x0872      	MOVF       R2, 0
;__Lib_MathDouble.c,1657 :: 		
0x00CE	0x00F1      	MOVWF      R1
;__Lib_MathDouble.c,1660 :: 		
L_end_double2word:
0x00CF	0x0008      	RETURN
; end of _double2word
_UART1_Init:
;__Lib_UART_c67.c,2 :: 		
;__Lib_UART_c67.c,5 :: 		
0x00D0	0x1683      	BSF        STATUS, 5
0x00D1	0x1303      	BCF        STATUS, 6
0x00D2	0x1698      	BSF        TXSTA, 5
;__Lib_UART_c67.c,6 :: 		
0x00D3	0x3090      	MOVLW      144
0x00D4	0x1283      	BCF        STATUS, 5
0x00D5	0x0098      	MOVWF      RCSTA
;__Lib_UART_c67.c,7 :: 		
0x00D6	0x1683      	BSF        STATUS, 5
0x00D7	0x1787      	BSF        TRISC7_bit, BitPos(TRISC7_bit+0)
;__Lib_UART_c67.c,8 :: 		
0x00D8	0x1307      	BCF        TRISC6_bit, BitPos(TRISC6_bit+0)
;__Lib_UART_c67.c,10 :: 		
L_UART1_Init0:
0x00D9	0x1283      	BCF        STATUS, 5
0x00DA	0x1E8C      	BTFSS      PIR1, 5
0x00DB	0x28DF      	GOTO       L_UART1_Init1
;__Lib_UART_c67.c,11 :: 		
0x00DC	0x081A      	MOVF       RCREG, 0
0x00DD	0x00F0      	MOVWF      R0
0x00DE	0x28D9      	GOTO       L_UART1_Init0
L_UART1_Init1:
;__Lib_UART_c67.c,12 :: 		
L_end_UART1_Init:
0x00DF	0x0008      	RETURN
; end of _UART1_Init
_ADC_Read:
;__Lib_ADC_A_C.c,68 :: 		
;__Lib_ADC_A_C.c,70 :: 		
0x00E0	0x1283      	BCF        STATUS, 5
0x00E1	0x1303      	BCF        STATUS, 6
0x00E2	0x019F      	CLRF       ADCON0
;__Lib_ADC_A_C.c,71 :: 		
0x00E3	0x30C0      	MOVLW      192
0x00E4	0x049F      	IORWF      ADCON0, 1
;__Lib_ADC_A_C.c,72 :: 		
0x00E5	0x0921      	COMF       _vref_mask, 0
0x00E6	0x00F0      	MOVWF      R0
0x00E7	0x0870      	MOVF       R0, 0
0x00E8	0x1683      	BSF        STATUS, 5
0x00E9	0x059F      	ANDWF      ADCON1, 1
;__Lib_ADC_A_C.c,73 :: 		
0x00EA	0x171F      	BSF        ADCON1, 6
;__Lib_ADC_A_C.c,74 :: 		
0x00EB	0x179F      	BSF        ADCON1, 7
;__Lib_ADC_A_C.c,75 :: 		
0x00EC	0x1283      	BCF        STATUS, 5
0x00ED	0x082B      	MOVF       FARG_ADC_Read_channel, 0
0x00EE	0x00F0      	MOVWF      R0
0x00EF	0x0DF0      	RLF        R0, 1
0x00F0	0x1070      	BCF        R0, 0
0x00F1	0x0DF0      	RLF        R0, 1
0x00F2	0x1070      	BCF        R0, 0
0x00F3	0x0DF0      	RLF        R0, 1
0x00F4	0x1070      	BCF        R0, 0
0x00F5	0x0870      	MOVF       R0, 0
0x00F6	0x049F      	IORWF      ADCON0, 1
;__Lib_ADC_A_C.c,78 :: 		
0x00F7	0x141F      	BSF        ADCON0, 0
;__Lib_ADC_A_C.c,81 :: 		
0x00F8	0x2069      	CALL       _Delay_22us
;__Lib_ADC_A_C.c,84 :: 		
0x00F9	0x151F      	BSF        ADCON0, 2
;__Lib_ADC_A_C.c,87 :: 		
L_ADC_Read2:
0x00FA	0x1D1F      	BTFSS      ADCON0, 2
0x00FB	0x28FE      	GOTO       L_ADC_Read3
;__Lib_ADC_A_C.c,88 :: 		
0x00FC	0x0000      	NOP
0x00FD	0x28FA      	GOTO       L_ADC_Read2
L_ADC_Read3:
;__Lib_ADC_A_C.c,91 :: 		
0x00FE	0x101F      	BCF        ADCON0, 0
;__Lib_ADC_A_C.c,94 :: 		
0x00FF	0x081E      	MOVF       ADRESH, 0
0x0100	0x00F1      	MOVWF      R0+1
0x0101	0x01F0      	CLRF       R0
0x0102	0x1683      	BSF        STATUS, 5
0x0103	0x081E      	MOVF       ADRESL, 0
0x0104	0x04F0      	IORWF      R0, 1
0x0105	0x3000      	MOVLW      0
0x0106	0x04F1      	IORWF      R0+1, 1
;__Lib_ADC_A_C.c,95 :: 		
L_end_ADC_Read:
0x0107	0x0008      	RETURN
; end of _ADC_Read
_word2double:
;__Lib_MathDouble.c,1862 :: 		
;__Lib_MathDouble.c,1868 :: 		
0x0108	0x1283      	BCF        STATUS, 5
;__Lib_MathDouble.c,1869 :: 		
0x0109	0x1303      	BCF        STATUS, 6
;__Lib_MathDouble.c,1870 :: 		
0x010A	0x0870      	MOVF       R0, 0
;__Lib_MathDouble.c,1871 :: 		
0x010B	0x00F8      	MOVWF      R8
;__Lib_MathDouble.c,1872 :: 		
0x010C	0x0871      	MOVF       R1, 0
;__Lib_MathDouble.c,1873 :: 		
0x010D	0x00F0      	MOVWF      R0
;__Lib_MathDouble.c,1874 :: 		
0x010E	0x01F1      	CLRF       R1
;__Lib_MathDouble.c,1875 :: 		
0x010F	0x01F2      	CLRF       R2
;__Lib_MathDouble.c,1876 :: 		
0x0110	0x01F3      	CLRF       R3
;__Lib_MathDouble.c,1879 :: 		
0x0111	0x01FB      	CLRF       R11
;__Lib_MathDouble.c,1880 :: 		
0x0112	0x01FC      	CLRF       R12
;__Lib_MathDouble.c,1882 :: 		
0x0113	0x3096      	MOVLW      150
;__Lib_MathDouble.c,1883 :: 		
0x0114	0x00F3      	MOVWF      R3
;__Lib_MathDouble.c,1884 :: 		
0x0115	0x01FA      	CLRF       R10
;__Lib_MathDouble.c,1886 :: 		
0x0116	0x0870      	MOVF       R0, 0
;__Lib_MathDouble.c,1887 :: 		
0x0117	0x00F1      	MOVWF      R1
;__Lib_MathDouble.c,1888 :: 		
0x0118	0x0878      	MOVF       R8, 0
;__Lib_MathDouble.c,1889 :: 		
0x0119	0x00F0      	MOVWF      R0
;__Lib_MathDouble.c,1890 :: 		
0x011A	0x01F8      	CLRF       R8
;__Lib_MathDouble.c,1891 :: 		
0x011B	0x01F2      	CLRF       R2
;__Lib_MathDouble.c,1893 :: 		
0x011C	0x2033      	CALL       _NRM3232
;__Lib_MathDouble.c,1894 :: 		
L_end_word2double:
0x011D	0x0008      	RETURN
; end of _word2double
_ADC_Init:
;__Lib_ADC_A_C.c,19 :: 		
;__Lib_ADC_A_C.c,20 :: 		
0x011E	0x30FF      	MOVLW      _ADC_Get_Sample
0x011F	0x1283      	BCF        STATUS, 5
0x0120	0x1303      	BCF        STATUS, 6
0x0121	0x00A6      	MOVWF      _ADC_Get_Sample_Ptr
0x0122	0x30FF      	MOVLW      hi_addr(_ADC_Get_Sample)
0x0123	0x00A7      	MOVWF      _ADC_Get_Sample_Ptr+1
0x0124	0x30FF      	MOVLW      FARG_ADC_Get_Sample_channel
0x0125	0x00A8      	MOVWF      _ADC_Get_Sample_Ptr+2
0x0126	0x30FF      	MOVLW      hi_addr(FARG_ADC_Get_Sample_channel)
;__Lib_ADC_A_C.c,22 :: 		
0x0127	0x019F      	CLRF       ADCON0
;__Lib_ADC_A_C.c,23 :: 		
0x0128	0x30C0      	MOVLW      192
0x0129	0x049F      	IORWF      ADCON0, 1
;__Lib_ADC_A_C.c,24 :: 		
0x012A	0x0921      	COMF       _vref_mask, 0
0x012B	0x00F0      	MOVWF      R0
0x012C	0x0870      	MOVF       R0, 0
0x012D	0x1683      	BSF        STATUS, 5
0x012E	0x059F      	ANDWF      ADCON1, 1
;__Lib_ADC_A_C.c,25 :: 		
0x012F	0x171F      	BSF        ADCON1, 6
;__Lib_ADC_A_C.c,26 :: 		
0x0130	0x179F      	BSF        ADCON1, 7
;__Lib_ADC_A_C.c,29 :: 		
0x0131	0x1283      	BCF        STATUS, 5
0x0132	0x141F      	BSF        ADCON0, 0
;__Lib_ADC_A_C.c,30 :: 		
L_end_ADC_Init:
0x0133	0x0008      	RETURN
; end of _ADC_Init
_Mul_32x32_FP:
;__Lib_MathDouble.c,610 :: 		
;__Lib_MathDouble.c,622 :: 		
;__Lib_MathDouble.c,624 :: 		
0x0134	0x1283      	BCF        STATUS, 5
;__Lib_MathDouble.c,625 :: 		
0x0135	0x1303      	BCF        STATUS, 6
;__Lib_MathDouble.c,627 :: 		
0x0136	0x01FB      	CLRF       R11
;__Lib_MathDouble.c,628 :: 		
0x0137	0x0873      	MOVF       R3, 0
;__Lib_MathDouble.c,629 :: 		
0x0138	0x1D03      	BTFSS      STATUS, 2
;__Lib_MathDouble.c,630 :: 		
0x0139	0x0877      	MOVF       R7, 0
;__Lib_MathDouble.c,631 :: 		
0x013A	0x1903      	BTFSC      STATUS, 2
;__Lib_MathDouble.c,632 :: 		
0x013B	0x298B      	GOTO       JPMRES032
;__Lib_MathDouble.c,634 :: 		
0x013C	0x0872      	MOVF       R2, 0
;__Lib_MathDouble.c,635 :: 		
0x013D	0x0676      	XORWF      R6, 0
;__Lib_MathDouble.c,636 :: 		
0x013E	0x00FA      	MOVWF      R10
;__Lib_MathDouble.c,637 :: 		
0x013F	0x0877      	MOVF       R7, 0
;__Lib_MathDouble.c,638 :: 		
0x0140	0x07F3      	ADDWF      R3, 1
;__Lib_MathDouble.c,639 :: 		
0x0141	0x307E      	MOVLW      126
;__Lib_MathDouble.c,640 :: 		
0x0142	0x1C03      	BTFSS      STATUS, 0
;__Lib_MathDouble.c,641 :: 		
0x0143	0x2948      	GOTO       MTUN32
;__Lib_MathDouble.c,642 :: 		
0x0144	0x02F3      	SUBWF      R3, 1
;__Lib_MathDouble.c,643 :: 		
0x0145	0x1803      	BTFSC      STATUS, 0
;__Lib_MathDouble.c,644 :: 		
0x0146	0x298E      	GOTO       JPMSETFOV32
;__Lib_MathDouble.c,645 :: 		
0x0147	0x294B      	GOTO       MOK32
;__Lib_MathDouble.c,646 :: 		
MTUN32:
;__Lib_MathDouble.c,647 :: 		
0x0148	0x02F3      	SUBWF      R3, 1
;__Lib_MathDouble.c,648 :: 		
0x0149	0x1C03      	BTFSS      STATUS, 0
;__Lib_MathDouble.c,649 :: 		
0x014A	0x2991      	GOTO       JPMSETFUN32
;__Lib_MathDouble.c,650 :: 		
MOK32:
;__Lib_MathDouble.c,651 :: 		
0x014B	0x0872      	MOVF       R2, 0
;__Lib_MathDouble.c,652 :: 		
0x014C	0x00F8      	MOVWF      R8
;__Lib_MathDouble.c,653 :: 		
0x014D	0x0871      	MOVF       R1, 0
;__Lib_MathDouble.c,654 :: 		
0x014E	0x00FC      	MOVWF      R12
;__Lib_MathDouble.c,655 :: 		
0x014F	0x0870      	MOVF       R0, 0
;__Lib_MathDouble.c,656 :: 		
0x0150	0x00FD      	MOVWF      R13
;__Lib_MathDouble.c,657 :: 		
0x0151	0x17F8      	BSF        R8, 7
;__Lib_MathDouble.c,658 :: 		
0x0152	0x17F6      	BSF        R6, 7
;__Lib_MathDouble.c,659 :: 		
0x0153	0x1003      	BCF        STATUS, 0
;__Lib_MathDouble.c,660 :: 		
0x0154	0x01F2      	CLRF       R2
;__Lib_MathDouble.c,661 :: 		
0x0155	0x01F1      	CLRF       R1
;__Lib_MathDouble.c,662 :: 		
0x0156	0x01F0      	CLRF       R0
;__Lib_MathDouble.c,663 :: 		
0x0157	0x3018      	MOVLW      24
;__Lib_MathDouble.c,664 :: 		
0x0158	0x00A0      	MOVWF      __math_tempbD
;__Lib_MathDouble.c,665 :: 		
MLOOP32:
;__Lib_MathDouble.c,666 :: 		
0x0159	0x1C7D      	BTFSS      R13, 0
;__Lib_MathDouble.c,667 :: 		
0x015A	0x2965      	GOTO       MNOADD32
;__Lib_MathDouble.c,669 :: 		
0x015B	0x0874      	MOVF       R4, 0
;__Lib_MathDouble.c,670 :: 		
0x015C	0x07F0      	ADDWF      R0, 1
;__Lib_MathDouble.c,671 :: 		
0x015D	0x0875      	MOVF       R5, 0
;__Lib_MathDouble.c,672 :: 		
0x015E	0x1803      	BTFSC      STATUS, 0
;__Lib_MathDouble.c,673 :: 		
0x015F	0x0F75      	INCFSZ     R5, 0
;__Lib_MathDouble.c,674 :: 		
0x0160	0x07F1      	ADDWF      R1, 1
;__Lib_MathDouble.c,675 :: 		
0x0161	0x0876      	MOVF       R6, 0
;__Lib_MathDouble.c,676 :: 		
0x0162	0x1803      	BTFSC      STATUS, 0
;__Lib_MathDouble.c,677 :: 		
0x0163	0x0F76      	INCFSZ     R6, 0
;__Lib_MathDouble.c,678 :: 		
0x0164	0x07F2      	ADDWF      R2, 1
;__Lib_MathDouble.c,679 :: 		
MNOADD32:
;__Lib_MathDouble.c,680 :: 		
0x0165	0x0CF2      	RRF        R2, 1
;__Lib_MathDouble.c,681 :: 		
0x0166	0x0CF1      	RRF        R1, 1
;__Lib_MathDouble.c,682 :: 		
0x0167	0x0CF0      	RRF        R0, 1
;__Lib_MathDouble.c,683 :: 		
0x0168	0x0CF8      	RRF        R8, 1
;__Lib_MathDouble.c,684 :: 		
0x0169	0x0CFC      	RRF        R12, 1
;__Lib_MathDouble.c,685 :: 		
0x016A	0x0CFD      	RRF        R13, 1
;__Lib_MathDouble.c,686 :: 		
0x016B	0x1003      	BCF        STATUS, 0
;__Lib_MathDouble.c,687 :: 		
0x016C	0x0BA0      	DECFSZ     __math_tempbD, 1
;__Lib_MathDouble.c,688 :: 		
0x016D	0x2959      	GOTO       MLOOP32
;__Lib_MathDouble.c,689 :: 		
0x016E	0x1BF2      	BTFSC      R2, 7
;__Lib_MathDouble.c,690 :: 		
0x016F	0x2975      	GOTO       MROUND32
;__Lib_MathDouble.c,691 :: 		
0x0170	0x0DF8      	RLF        R8, 1
;__Lib_MathDouble.c,692 :: 		
0x0171	0x0DF0      	RLF        R0, 1
;__Lib_MathDouble.c,693 :: 		
0x0172	0x0DF1      	RLF        R1, 1
;__Lib_MathDouble.c,694 :: 		
0x0173	0x0DF2      	RLF        R2, 1
;__Lib_MathDouble.c,695 :: 		
0x0174	0x03F3      	DECF       R3, 1
;__Lib_MathDouble.c,696 :: 		
MROUND32:
;__Lib_MathDouble.c,697 :: 		
0x0175	0x1B7B      	BTFSC      R11, 6
;__Lib_MathDouble.c,698 :: 		
0x0176	0x1C70      	BTFSS      R0, 0
;__Lib_MathDouble.c,699 :: 		
0x0177	0x2987      	GOTO       MUL32OK
;__Lib_MathDouble.c,700 :: 		
0x0178	0x1FF8      	BTFSS      R8, 7
;__Lib_MathDouble.c,701 :: 		
0x0179	0x2987      	GOTO       MUL32OK
;__Lib_MathDouble.c,702 :: 		
0x017A	0x0AF0      	INCF       R0, 1
;__Lib_MathDouble.c,703 :: 		
0x017B	0x1903      	BTFSC      STATUS, 2
;__Lib_MathDouble.c,704 :: 		
0x017C	0x0AF1      	INCF       R1, 1
;__Lib_MathDouble.c,705 :: 		
0x017D	0x1903      	BTFSC      STATUS, 2
;__Lib_MathDouble.c,706 :: 		
0x017E	0x0AF2      	INCF       R2, 1
;__Lib_MathDouble.c,707 :: 		
0x017F	0x1D03      	BTFSS      STATUS, 2
;__Lib_MathDouble.c,708 :: 		
0x0180	0x2987      	GOTO       MUL32OK
;__Lib_MathDouble.c,709 :: 		
0x0181	0x0CF2      	RRF        R2, 1
;__Lib_MathDouble.c,710 :: 		
0x0182	0x0CF1      	RRF        R1, 1
;__Lib_MathDouble.c,711 :: 		
0x0183	0x0CF0      	RRF        R0, 1
;__Lib_MathDouble.c,712 :: 		
0x0184	0x0AF3      	INCF       R3, 1
;__Lib_MathDouble.c,713 :: 		
0x0185	0x1903      	BTFSC      STATUS, 2
;__Lib_MathDouble.c,714 :: 		
0x0186	0x298E      	GOTO       JPMSETFOV32
;__Lib_MathDouble.c,715 :: 		
MUL32OK:
;__Lib_MathDouble.c,716 :: 		
0x0187	0x1FFA      	BTFSS      R10, 7
;__Lib_MathDouble.c,717 :: 		
0x0188	0x13F2      	BCF        R2, 7
;__Lib_MathDouble.c,718 :: 		
0x0189	0x3000      	MOVLW      0
;__Lib_MathDouble.c,720 :: 		
0x018A	0x2993      	GOTO       MUL32EEE
;__Lib_MathDouble.c,721 :: 		
JPMRES032:
;__Lib_MathDouble.c,722 :: 		
0x018B	0x3001      	MOVLW      1
;__Lib_MathDouble.c,725 :: 		
0x018C	0x2013      	CALL       _RES032
;__Lib_MathDouble.c,727 :: 		
0x018D	0x2993      	GOTO       MUL32EEE
;__Lib_MathDouble.c,728 :: 		
JPMSETFOV32:
;__Lib_MathDouble.c,729 :: 		
0x018E	0x3002      	MOVLW      2
;__Lib_MathDouble.c,732 :: 		
0x018F	0x2027      	CALL       _SETFOV32
;__Lib_MathDouble.c,734 :: 		
0x0190	0x2993      	GOTO       MUL32EEE
;__Lib_MathDouble.c,735 :: 		
JPMSETFUN32:
;__Lib_MathDouble.c,736 :: 		
0x0191	0x3004      	MOVLW      4
;__Lib_MathDouble.c,739 :: 		
0x0192	0x2007      	CALL       _SETFUN32
;__Lib_MathDouble.c,741 :: 		
MUL32EEE:
;__Lib_MathDouble.c,742 :: 		
0x0193	0x0000      	NOP
;__Lib_MathDouble.c,749 :: 		
L_end_Mul_32x32_FP:
0x0194	0x0008      	RETURN
; end of _Mul_32x32_FP
___CC2DW:
;__Lib_System.c,134 :: 		
;__Lib_System.c,137 :: 		
_CC2D_Loop1:
;__Lib_System.c,139 :: 		
0x0195	0x2062      	CALL       _____DoICP
0x0196	0x118A      	BCF        PCLATH, 3
0x0197	0x120A      	BCF        PCLATH, 4
;__Lib_System.c,141 :: 		
0x0198	0x0080      	MOVWF      INDF
;__Lib_System.c,142 :: 		
0x0199	0x0A84      	INCF       FSR, 1
;__Lib_System.c,143 :: 		
0x019A	0x0AA4      	INCF       ___DoICPAddr, 1
;__Lib_System.c,145 :: 		
0x019B	0x1903      	BTFSC      STATUS, 2
;__Lib_System.c,146 :: 		
0x019C	0x0AA5      	INCF       ___DoICPAddr+1, 1
;__Lib_System.c,147 :: 		
0x019D	0x03F0      	DECF       R0, 1
;__Lib_System.c,149 :: 		
0x019E	0x1D03      	BTFSS      STATUS, 2
;__Lib_System.c,150 :: 		
0x019F	0x2995      	GOTO       _CC2D_Loop1
;__Lib_System.c,152 :: 		
L_end___CC2DW:
0x01A0	0x0008      	RETURN
; end of ___CC2DW
_UART1_Write:
;__Lib_UART_c67.c,39 :: 		
;__Lib_UART_c67.c,40 :: 		
L_UART1_Write3:
0x01A1	0x1683      	BSF        STATUS, 5
0x01A2	0x1303      	BCF        STATUS, 6
0x01A3	0x1898      	BTFSC      TXSTA, 1
0x01A4	0x29A7      	GOTO       L_UART1_Write4
;__Lib_UART_c67.c,41 :: 		
0x01A5	0x0000      	NOP
0x01A6	0x29A1      	GOTO       L_UART1_Write3
L_UART1_Write4:
;__Lib_UART_c67.c,42 :: 		
0x01A7	0x1283      	BCF        STATUS, 5
0x01A8	0x082B      	MOVF       FARG_UART1_Write_data_, 0
0x01A9	0x0099      	MOVWF      TXREG
;__Lib_UART_c67.c,43 :: 		
L_end_UART1_Write:
0x01AA	0x0008      	RETURN
; end of _UART1_Write
_main:
0x01AB	0x220E      	CALL       526
;PIC1.c,6 :: 		void main(){
;PIC1.c,7 :: 		ADCON1 |= 0x0f;
0x01AC	0x300F      	MOVLW      15
0x01AD	0x1683      	BSF        STATUS, 5
0x01AE	0x1303      	BCF        STATUS, 6
0x01AF	0x049F      	IORWF      ADCON1, 1
;PIC1.c,8 :: 		CMCON = 7;
0x01B0	0x3007      	MOVLW      7
0x01B1	0x009C      	MOVWF      CMCON
;PIC1.c,10 :: 		Trisa = 0x01;
0x01B2	0x3001      	MOVLW      1
0x01B3	0x0085      	MOVWF      TRISA
;PIC1.c,12 :: 		UART1_Init(9615);
0x01B4	0x3033      	MOVLW      51
0x01B5	0x0099      	MOVWF      SPBRG
0x01B6	0x1518      	BSF        TXSTA, 2
0x01B7	0x20D0      	CALL       _UART1_Init
;PIC1.c,13 :: 		delay_ms(100);
0x01B8	0x3002      	MOVLW      2
0x01B9	0x00FB      	MOVWF      R11
0x01BA	0x3004      	MOVLW      4
0x01BB	0x00FC      	MOVWF      R12
0x01BC	0x30BA      	MOVLW      186
0x01BD	0x00FD      	MOVWF      R13
L_main0:
0x01BE	0x0BFD      	DECFSZ     R13, 1
0x01BF	0x29BE      	GOTO       L_main0
0x01C0	0x0BFC      	DECFSZ     R12, 1
0x01C1	0x29BE      	GOTO       L_main0
0x01C2	0x0BFB      	DECFSZ     R11, 1
0x01C3	0x29BE      	GOTO       L_main0
0x01C4	0x0000      	NOP
;PIC1.c,14 :: 		ADC_init();
0x01C5	0x211E      	CALL       _ADC_Init
;PIC1.c,15 :: 		Trisb = 0x01;
0x01C6	0x3001      	MOVLW      1
0x01C7	0x1683      	BSF        STATUS, 5
0x01C8	0x0086      	MOVWF      TRISB
;PIC1.c,16 :: 		portb = 0x00;
0x01C9	0x1283      	BCF        STATUS, 5
0x01CA	0x0186      	CLRF       PORTB
;PIC1.c,18 :: 		while(1){
L_main1:
;PIC1.c,20 :: 		if ((portb.b0 != 1) && (flag2.B0 == 1))
0x01CB	0x1806      	BTFSC      PORTB, 0
0x01CC	0x29D1      	GOTO       L_main5
0x01CD	0x1C22      	BTFSS      _flag2, 0
0x01CE	0x29D1      	GOTO       L_main5
L__main13:
;PIC1.c,21 :: 		flag1 |= 0x02;
0x01CF	0x14A3      	BSF        _flag1, 1
0x01D0	0x29D3      	GOTO       L_main6
L_main5:
;PIC1.c,22 :: 		else flag1 = flag1 & 0xFD;
0x01D1	0x30FD      	MOVLW      253
0x01D2	0x05A3      	ANDWF      _flag1, 1
L_main6:
;PIC1.c,25 :: 		value = ADC_Read(0)*4.88;
0x01D3	0x01AB      	CLRF       FARG_ADC_Read_channel
0x01D4	0x20E0      	CALL       _ADC_Read
0x01D5	0x2108      	CALL       _word2double
0x01D6	0x30F6      	MOVLW      246
0x01D7	0x00F4      	MOVWF      R4
0x01D8	0x3028      	MOVLW      40
0x01D9	0x00F5      	MOVWF      R4+1
0x01DA	0x301C      	MOVLW      28
0x01DB	0x00F6      	MOVWF      R4+2
0x01DC	0x3081      	MOVLW      129
0x01DD	0x00F7      	MOVWF      R4+3
0x01DE	0x2134      	CALL       _Mul_32x32_FP
0x01DF	0x2071      	CALL       _double2word
0x01E0	0x0870      	MOVF       R0, 0
0x01E1	0x00A9      	MOVWF      _value
0x01E2	0x0871      	MOVF       R0+1, 0
0x01E3	0x00AA      	MOVWF      _value+1
;PIC1.c,27 :: 		if ((value>300) && (flag2.B1 == 1))
0x01E4	0x0871      	MOVF       R0+1, 0
0x01E5	0x3C01      	SUBLW      1
0x01E6	0x1D03      	BTFSS      STATUS, 2
0x01E7	0x29EA      	GOTO       L__main15
0x01E8	0x0870      	MOVF       R0, 0
0x01E9	0x3C2C      	SUBLW      44
L__main15:
0x01EA	0x1803      	BTFSC      STATUS, 0
0x01EB	0x29F0      	GOTO       L_main9
0x01EC	0x1CA2      	BTFSS      _flag2, 1
0x01ED	0x29F0      	GOTO       L_main9
L__main12:
;PIC1.c,28 :: 		flag1 = flag1 | 0x01;
0x01EE	0x1423      	BSF        _flag1, 0
0x01EF	0x29F2      	GOTO       L_main10
L_main9:
;PIC1.c,29 :: 		else flag1 = flag1 & 0xFE;
0x01F0	0x30FE      	MOVLW      254
0x01F1	0x05A3      	ANDWF      _flag1, 1
L_main10:
;PIC1.c,44 :: 		delay_ms(500);
0x01F2	0x3006      	MOVLW      6
0x01F3	0x00FB      	MOVWF      R11
0x01F4	0x3013      	MOVLW      19
0x01F5	0x00FC      	MOVWF      R12
0x01F6	0x30AD      	MOVLW      173
0x01F7	0x00FD      	MOVWF      R13
L_main11:
0x01F8	0x0BFD      	DECFSZ     R13, 1
0x01F9	0x29F8      	GOTO       L_main11
0x01FA	0x0BFC      	DECFSZ     R12, 1
0x01FB	0x29F8      	GOTO       L_main11
0x01FC	0x0BFB      	DECFSZ     R11, 1
0x01FD	0x29F8      	GOTO       L_main11
0x01FE	0x0000      	NOP
0x01FF	0x0000      	NOP
;PIC1.c,47 :: 		UART1_Write(flag1);
0x0200	0x0823      	MOVF       _flag1, 0
0x0201	0x00AB      	MOVWF      FARG_UART1_Write_data_
0x0202	0x21A1      	CALL       _UART1_Write
;PIC1.c,63 :: 		}
0x0203	0x29CB      	GOTO       L_main1
;PIC1.c,64 :: 		}
L_end_main:
0x0204	0x2A04      	GOTO       $+0
; end of _main
0x020E	0x3021      	MOVLW      33
0x020F	0x0084      	MOVWF      FSR
0x0210	0x3003      	MOVLW      3
0x0211	0x1283      	BCF        STATUS, 5
0x0212	0x1303      	BCF        STATUS, 6
0x0213	0x00F0      	MOVWF      R0
0x0214	0x300A      	MOVLW      10
0x0215	0x00A4      	MOVWF      ___DoICPAddr
0x0216	0x3002      	MOVLW      2
0x0217	0x00A5      	MOVWF      37
0x0218	0x2195      	CALL       405
0x0219	0x0008      	RETURN
;__Lib_ADC_A_C.c,0 :: ?ICS_vref_mask
0x020A	0x340F ;?ICS_vref_mask+0
; end of ?ICS_vref_mask
;PIC1.c,0 :: ?ICS_flag2
0x020B	0x34FF ;?ICS_flag2+0
; end of ?ICS_flag2
;PIC1.c,0 :: ?ICS_flag1
0x020C	0x3400 ;?ICS_flag1+0
; end of ?ICS_flag1
Symbol List:
//** Routines locations **
//ADDRESS    SIZE    PROCEDURE
//----------------------------------------------
0x0003       [4]    _FIXSIGN32
0x0007      [12]    _SETFUN32
0x0013       [7]    _RES032
0x001A      [13]    _SETIOV3224
0x0027      [12]    _SETFOV32
0x0033      [47]    _NRM3232
0x0062       [7]    _____DoICP
0x0069       [8]    _Delay_22us
0x0071      [95]    _double2word
0x00D0      [16]    _UART1_Init
0x00E0      [40]    _ADC_Read
0x0108      [22]    _word2double
0x011E      [22]    _ADC_Init
0x0134      [97]    _Mul_32x32_FP
0x0195      [12]    ___CC2DW
0x01A1      [10]    _UART1_Write
0x01AB      [89]    _main
//** Variables locations ** 
//ADDRESS    SIZE    VARIABLE
//----------------------------------------------
0x0000       [1]    INDF
0x0002       [1]    PCL
0x0003       [1]    STATUS
0x0004       [1]    FSR
0x0006       [1]    PORTB
0x000A       [1]    PCLATH
0x000C       [1]    PIR1
0x0018       [1]    RCSTA
0x0019       [1]    TXREG
0x001A       [1]    RCREG
0x001E       [1]    ADRESH
0x001F       [1]    ADCON0
0x0020       [1]    __math_tempbD
0x0021       [1]    _vref_mask
0x0022       [1]    _flag2
0x0023       [1]    _flag1
0x0024       [2]    ___DoICPAddr
0x0026       [3]    _ADC_Get_Sample_Ptr
0x0029       [2]    _value
0x002B       [1]    FARG_UART1_Write_data_
0x002B       [1]    FARG_ADC_Read_channel
0x0070       [1]    R0
0x0071       [1]    R1
0x0072       [1]    R2
0x0073       [1]    R3
0x0074       [1]    R4
0x0075       [1]    R5
0x0076       [1]    R6
0x0077       [1]    R7
0x0078       [1]    R8
0x0079       [1]    R9
0x007A       [1]    R10
0x007B       [1]    R11
0x007C       [1]    R12
0x007D       [1]    R13
0x007E       [1]    R14
0x007F       [1]    R15
0x0085       [1]    TRISA
0x0086       [1]    TRISB
0x0087       [0]    TRISC7_bit
0x0087       [0]    TRISC6_bit
0x0098       [1]    TXSTA
0x0099       [1]    SPBRG
0x009C       [1]    CMCON
0x009E       [1]    ADRESL
0x009F       [1]    ADCON1
//** Constants locations ** 
//ADDRESS    SIZE    CONSTANT
//----------------------------------------------
0x020A       [1]    ?ICS_vref_mask
0x020B       [1]    ?ICS_flag2
0x020C       [1]    ?ICS_flag1
